<?xml version="1.0" encoding="UTF-8"?>
<!-- Generated by org.testng.reporters.JUnitReportReporter -->
<testsuite skipped="0" hostname="LAPTOP-LFNJ7MP6" name="Rough.Rework" tests="1" failures="0" timestamp="2020-07-21T19:09:21 IST" time="21.217" errors="0">
  <testcase name="tc" time="21.217" classname="Rough.Rework"/>
  <system-out/>
</testsuite> <!-- Rough.Rework -->
