<?xml version="1.0" encoding="UTF-8"?>
<!-- Generated by org.testng.reporters.JUnitReportReporter -->
<testsuite skipped="0" hostname="LAPTOP-LFNJ7MP6" name="Rough.Rework2" tests="1" failures="0" timestamp="2020-07-21T19:09:21 IST" time="7.684" errors="0">
  <testcase name="tyd" time="7.684" classname="Rough.Rework2"/>
  <system-out/>
</testsuite> <!-- Rough.Rework2 -->
