<?xml version="1.0" encoding="UTF-8"?>
<!-- Generated by org.testng.reporters.JUnitReportReporter -->
<testsuite skipped="0" hostname="LAPTOP-LFNJ7MP6" name="TestNgPractise.TestFb" tests="1" failures="0" timestamp="2020-07-03T11:20:57 IST" time="23.012" errors="0">
  <testcase name="facebook" time="23.012" classname="TestNgPractise.TestFb"/>
  <system-out/>
</testsuite> <!-- TestNgPractise.TestFb -->
