<?xml version="1.0" encoding="UTF-8"?>
<!-- Generated by org.testng.reporters.JUnitReportReporter -->
<testsuite skipped="0" hostname="LAPTOP-LFNJ7MP6" name="TestNg.AdactinTestNgTc3" tests="1" failures="0" timestamp="2020-07-21T21:54:30 IST" time="1.962" errors="0">
  <testcase name="tc3" time="1.962" classname="TestNg.AdactinTestNgTc3"/>
  <system-out/>
</testsuite> <!-- TestNg.AdactinTestNgTc3 -->
