<?xml version="1.0" encoding="UTF-8"?>
<!-- Generated by org.testng.reporters.JUnitReportReporter -->
<testsuite skipped="0" hostname="LAPTOP-LFNJ7MP6" name="TestNg.Sample" tests="2" failures="0" timestamp="2020-07-13T14:47:02 IST" time="23.052" errors="0">
  <testcase name="fb" time="23.046" classname="TestNg.Sample"/>
  <system-out/>
  <testcase name="feed" time="0.006" classname="TestNg.Sample"/>
  <system-out/>
</testsuite> <!-- TestNg.Sample -->
