<?xml version="1.0" encoding="UTF-8"?>
<!-- Generated by org.testng.reporters.JUnitReportReporter -->
<testsuite skipped="0" hostname="LAPTOP-LFNJ7MP6" name="TestNg.AdactinTestNgTc7" tests="1" failures="0" timestamp="2020-07-20T14:51:45 IST" time="18.267" errors="0">
  <testcase name="tc7" time="18.267" classname="TestNg.AdactinTestNgTc7"/>
  <system-out/>
</testsuite> <!-- TestNg.AdactinTestNgTc7 -->
