<?xml version="1.0" encoding="UTF-8"?>
<!-- Generated by org.testng.reporters.JUnitReportReporter -->
<testsuite skipped="0" hostname="LAPTOP-LFNJ7MP6" name="TestNg.AdactinTestNgTc6" tests="1" failures="0" timestamp="2020-07-20T14:51:46 IST" time="23.763" errors="0">
  <testcase name="tc6" time="23.763" classname="TestNg.AdactinTestNgTc6"/>
  <system-out/>
</testsuite> <!-- TestNg.AdactinTestNgTc6 -->
