<?xml version="1.0" encoding="UTF-8"?>
<!-- Generated by org.testng.reporters.JUnitReportReporter -->
<testsuite skipped="0" hostname="LAPTOP-LFNJ7MP6" name="TestNg.AdactinTestNgTc1" tests="1" failures="0" timestamp="2020-07-21T21:54:30 IST" time="39.422" errors="0">
  <testcase name="tc1" time="39.422" classname="TestNg.AdactinTestNgTc1"/>
  <system-out/>
</testsuite> <!-- TestNg.AdactinTestNgTc1 -->
