<?xml version="1.0" encoding="UTF-8"?>
<!-- Generated by org.testng.reporters.JUnitReportReporter -->
<testsuite skipped="0" hostname="LAPTOP-LFNJ7MP6" name="TestNg.AdactinTestNg" tests="1" failures="0" timestamp="2020-07-15T10:59:20 IST" time="44.639" errors="0">
  <testcase name="tc1" time="44.639" classname="TestNg.AdactinTestNg"/>
  <system-out/>
</testsuite> <!-- TestNg.AdactinTestNg -->
