<?xml version="1.0" encoding="UTF-8"?>
<!-- Generated by org.testng.reporters.JUnitReportReporter -->
<testsuite skipped="0" hostname="LAPTOP-LFNJ7MP6" name="TestNg.FeedPage" tests="2" failures="0" timestamp="2020-07-13T14:14:40 IST" time="19.891" errors="0">
  <testcase name="feed" time="0.005" classname="TestNg.FeedPage"/>
  <system-out/>
  <testcase name="fb" time="19.886" classname="TestNg.FeedPage"/>
  <system-out/>
</testsuite> <!-- TestNg.FeedPage -->
